<?xml version="1.0" encoding="UTF-8"?>
<testng-results skipped="0" failed="0" ignored="0" total="1" passed="1">
  <reporter-output>
  </reporter-output>
  <suite name="Default suite" duration-ms="28296" started-at="2019-01-03T01:26:37Z" finished-at="2019-01-03T01:27:05Z">
    <groups>
    </groups>
    <test name="Default test" duration-ms="28296" started-at="2019-01-03T01:26:37Z" finished-at="2019-01-03T01:27:05Z">
      <class name="launchCalculator">
        <test-method status="PASS" signature="testApp()[pri:0, instance:launchCalculator@4678c730]" name="testApp" duration-ms="26423" started-at="2019-01-03T01:26:37Z" finished-at="2019-01-03T01:27:04Z">
          <reporter-output>
          </reporter-output>
        </test-method> <!-- testApp -->
        <test-method status="PASS" signature="quit()[pri:0, instance:launchCalculator@4678c730]" name="quit" is-config="true" duration-ms="1847" started-at="2019-01-03T01:27:04Z" finished-at="2019-01-03T01:27:05Z">
          <reporter-output>
          </reporter-output>
        </test-method> <!-- quit -->
      </class> <!-- launchCalculator -->
    </test> <!-- Default test -->
  </suite> <!-- Default suite -->
</testng-results>
